
[29/Mar/2019 14:24:03]"POST /render HTTP/1.1" 200 136
[29/Mar/2019 14:24:34]"POST /render HTTP/1.1" 200 136
[29/Mar/2019 14:25:03]"POST /render HTTP/1.1" 200 137
[29/Mar/2019 14:25:34]"POST /render HTTP/1.1" 200 137
Fontconfig warning: ignoring UTF-8: not a valid region tag
[29/Mar/2019 14:25:36]"GET /render?target=hello.world HTTP/1.1" 200 4375
[29/Mar/2019 14:25:37]"POST /render HTTP/1.1" 200 620
[29/Mar/2019 14:25:44]"GET /render?target=hello.world&format=json HTTP/1.1" 200 3751
[29/Mar/2019 14:26:03]"POST /render HTTP/1.1" 200 136
[29/Mar/2019 14:26:34]"POST /render HTTP/1.1" 200 136
[29/Mar/2019 14:27:03]"POST /render HTTP/1.1" 200 137
[29/Mar/2019 14:27:34]"POST /render HTTP/1.1" 200 137
[29/Mar/2019 14:28:03]"POST /render HTTP/1.1" 200 136
[29/Mar/2019 14:28:31]"GET /render?from=20:59_20190322&until=22:59_20190323&format=json&maxDataPoints=100000&cacheTimeout=10000&target=aggregate(tags.realtime.evaluation.*.freq=*.unreaded,%22sum%22) HTTP/1.1" 200 2225
[29/Mar/2019 14:28:34]"POST /render HTTP/1.1" 200 136
[29/Mar/2019 14:29:03]"POST /render HTTP/1.1" 200 136
[29/Mar/2019 14:29:35]"POST /render HTTP/1.1" 200 136
[29/Mar/2019 14:30:01]"POST /render HTTP/1.1" 200 175
[29/Mar/2019 14:30:03]"POST /render HTTP/1.1" 200 137
[29/Mar/2019 14:30:19]"POST /render HTTP/1.1" 200 231
[29/Mar/2019 14:30:19]"POST /render HTTP/1.1" 200 200
[29/Mar/2019 14:30:34]"POST /render HTTP/1.1" 200 137
[29/Mar/2019 14:30:55]"POST /render HTTP/1.1" 200 158
[29/Mar/2019 14:31:03]"POST /render HTTP/1.1" 200 137
[29/Mar/2019 14:31:30]"POST /render HTTP/1.1" 200 407
[29/Mar/2019 14:31:31]"POST /render HTTP/1.1" 200 299
[29/Mar/2019 14:31:31]"POST /render HTTP/1.1" 200 216
[29/Mar/2019 14:31:34]"POST /render HTTP/1.1" 200 137
[29/Mar/2019 14:32:03]"POST /render HTTP/1.1" 200 138
[29/Mar/2019 14:32:34]"POST /render HTTP/1.1" 200 138
[29/Mar/2019 14:32:45]"POST /render HTTP/1.1" 200 620
[29/Mar/2019 14:33:03]"POST /render HTTP/1.1" 200 137
[29/Mar/2019 14:33:34]"POST /render HTTP/1.1" 200 137
[29/Mar/2019 14:34:03]"POST /render HTTP/1.1" 200 136
[29/Mar/2019 14:34:34]"POST /render HTTP/1.1" 200 136
[29/Mar/2019 14:35:03]"POST /render HTTP/1.1" 200 137
[29/Mar/2019 14:35:34]"POST /render HTTP/1.1" 200 137
[29/Mar/2019 14:36:03]"POST /render HTTP/1.1" 200 136
[29/Mar/2019 14:36:34]"POST /render HTTP/1.1" 200 136
[29/Mar/2019 14:37:03]"POST /render HTTP/1.1" 200 137
[29/Mar/2019 14:37:38]"POST /render HTTP/1.1" 200 137
[29/Mar/2019 14:38:03]"POST /render HTTP/1.1" 200 136
